{"/home/r4chelpham/kbc-media-app/App.js": {"path":"/home/r4chelpham/kbc-media-app/App.js","statementMap":{"0":{"start":{"line":10,"column":14},"end":{"line":10,"column":36}},"1":{"start":{"line":23,"column":2},"end":{"line":44,"column":4}}},"fnMap":{"0":{"name":"App","decl":{"start":{"line":21,"column":24},"end":{"line":21,"column":27}},"loc":{"start":{"line":21,"column":30},"end":{"line":45,"column":1}},"line":21}},"branchMap":{},"s":{"0":0,"1":0},"f":{"0":0},"b":{}}
,"/home/r4chelpham/kbc-media-app/.expo/metro/polyfill.js": {"path":"/home/r4chelpham/kbc-media-app/.expo/metro/polyfill.js","statementMap":{"0":{"start":{"line":1,"column":0},"end":{"line":1,"column":81}},"1":{"start":{"line":1,"column":76},"end":{"line":1,"column":80}}},"fnMap":{"0":{"name":"(anonymous_0)","decl":{"start":{"line":1,"column":70},"end":{"line":1,"column":71}},"loc":{"start":{"line":1,"column":76},"end":{"line":1,"column":80}},"line":1}},"branchMap":{"0":{"loc":{"start":{"line":1,"column":28},"end":{"line":1,"column":80}},"type":"cond-expr","locations":[{"start":{"line":1,"column":60},"end":{"line":1,"column":67}},{"start":{"line":1,"column":70},"end":{"line":1,"column":80}}],"line":1}},"s":{"0":0,"1":0},"f":{"0":0},"b":{"0":[0,0]}}
,"/home/r4chelpham/kbc-media-app/.expo/metro/polyfill.native.js": {"path":"/home/r4chelpham/kbc-media-app/.expo/metro/polyfill.native.js","statementMap":{"0":{"start":{"line":1,"column":0},"end":{"line":1,"column":155}},"1":{"start":{"line":1,"column":43},"end":{"line":1,"column":154}}},"fnMap":{"0":{"name":"(anonymous_0)","decl":{"start":{"line":1,"column":28},"end":{"line":1,"column":29}},"loc":{"start":{"line":1,"column":42},"end":{"line":1,"column":155}},"line":1}},"branchMap":{},"s":{"0":0,"1":0},"f":{"0":0},"b":{}}
,"/home/r4chelpham/kbc-media-app/.expo/metro/externals/assert/index.js": {"path":"/home/r4chelpham/kbc-media-app/.expo/metro/externals/assert/index.js","statementMap":{"0":{"start":{"line":1,"column":0},"end":{"line":1,"column":51}}},"fnMap":{},"branchMap":{},"s":{"0":0},"f":{},"b":{}}
,"/home/r4chelpham/kbc-media-app/.expo/metro/externals/async_hooks/index.js": {"path":"/home/r4chelpham/kbc-media-app/.expo/metro/externals/async_hooks/index.js","statementMap":{"0":{"start":{"line":1,"column":0},"end":{"line":1,"column":56}}},"fnMap":{},"branchMap":{},"s":{"0":0},"f":{},"b":{}}
,"/home/r4chelpham/kbc-media-app/.expo/metro/externals/buffer/index.js": {"path":"/home/r4chelpham/kbc-media-app/.expo/metro/externals/buffer/index.js","statementMap":{"0":{"start":{"line":1,"column":0},"end":{"line":1,"column":51}}},"fnMap":{},"branchMap":{},"s":{"0":0},"f":{},"b":{}}
,"/home/r4chelpham/kbc-media-app/.expo/metro/externals/child_process/index.js": {"path":"/home/r4chelpham/kbc-media-app/.expo/metro/externals/child_process/index.js","statementMap":{"0":{"start":{"line":1,"column":0},"end":{"line":1,"column":58}}},"fnMap":{},"branchMap":{},"s":{"0":0},"f":{},"b":{}}
,"/home/r4chelpham/kbc-media-app/.expo/metro/externals/cluster/index.js": {"path":"/home/r4chelpham/kbc-media-app/.expo/metro/externals/cluster/index.js","statementMap":{"0":{"start":{"line":1,"column":0},"end":{"line":1,"column":52}}},"fnMap":{},"branchMap":{},"s":{"0":0},"f":{},"b":{}}
,"/home/r4chelpham/kbc-media-app/.expo/metro/externals/console/index.js": {"path":"/home/r4chelpham/kbc-media-app/.expo/metro/externals/console/index.js","statementMap":{"0":{"start":{"line":1,"column":0},"end":{"line":1,"column":52}}},"fnMap":{},"branchMap":{},"s":{"0":0},"f":{},"b":{}}
,"/home/r4chelpham/kbc-media-app/.expo/metro/externals/constants/index.js": {"path":"/home/r4chelpham/kbc-media-app/.expo/metro/externals/constants/index.js","statementMap":{"0":{"start":{"line":1,"column":0},"end":{"line":1,"column":54}}},"fnMap":{},"branchMap":{},"s":{"0":0},"f":{},"b":{}}
,"/home/r4chelpham/kbc-media-app/.expo/metro/externals/crypto/index.js": {"path":"/home/r4chelpham/kbc-media-app/.expo/metro/externals/crypto/index.js","statementMap":{"0":{"start":{"line":1,"column":0},"end":{"line":1,"column":51}}},"fnMap":{},"branchMap":{},"s":{"0":0},"f":{},"b":{}}
,"/home/r4chelpham/kbc-media-app/.expo/metro/externals/dgram/index.js": {"path":"/home/r4chelpham/kbc-media-app/.expo/metro/externals/dgram/index.js","statementMap":{"0":{"start":{"line":1,"column":0},"end":{"line":1,"column":50}}},"fnMap":{},"branchMap":{},"s":{"0":0},"f":{},"b":{}}
,"/home/r4chelpham/kbc-media-app/.expo/metro/externals/diagnostics_channel/index.js": {"path":"/home/r4chelpham/kbc-media-app/.expo/metro/externals/diagnostics_channel/index.js","statementMap":{"0":{"start":{"line":1,"column":0},"end":{"line":1,"column":64}}},"fnMap":{},"branchMap":{},"s":{"0":0},"f":{},"b":{}}
,"/home/r4chelpham/kbc-media-app/.expo/metro/externals/dns/index.js": {"path":"/home/r4chelpham/kbc-media-app/.expo/metro/externals/dns/index.js","statementMap":{"0":{"start":{"line":1,"column":0},"end":{"line":1,"column":48}}},"fnMap":{},"branchMap":{},"s":{"0":0},"f":{},"b":{}}
,"/home/r4chelpham/kbc-media-app/.expo/metro/externals/domain/index.js": {"path":"/home/r4chelpham/kbc-media-app/.expo/metro/externals/domain/index.js","statementMap":{"0":{"start":{"line":1,"column":0},"end":{"line":1,"column":51}}},"fnMap":{},"branchMap":{},"s":{"0":0},"f":{},"b":{}}
,"/home/r4chelpham/kbc-media-app/.expo/metro/externals/events/index.js": {"path":"/home/r4chelpham/kbc-media-app/.expo/metro/externals/events/index.js","statementMap":{"0":{"start":{"line":1,"column":0},"end":{"line":1,"column":51}}},"fnMap":{},"branchMap":{},"s":{"0":0},"f":{},"b":{}}
,"/home/r4chelpham/kbc-media-app/.expo/metro/externals/fs/index.js": {"path":"/home/r4chelpham/kbc-media-app/.expo/metro/externals/fs/index.js","statementMap":{"0":{"start":{"line":1,"column":0},"end":{"line":1,"column":47}}},"fnMap":{},"branchMap":{},"s":{"0":0},"f":{},"b":{}}
,"/home/r4chelpham/kbc-media-app/.expo/metro/externals/fs/promises/index.js": {"path":"/home/r4chelpham/kbc-media-app/.expo/metro/externals/fs/promises/index.js","statementMap":{"0":{"start":{"line":1,"column":0},"end":{"line":1,"column":56}}},"fnMap":{},"branchMap":{},"s":{"0":0},"f":{},"b":{}}
,"/home/r4chelpham/kbc-media-app/.expo/metro/externals/http/index.js": {"path":"/home/r4chelpham/kbc-media-app/.expo/metro/externals/http/index.js","statementMap":{"0":{"start":{"line":1,"column":0},"end":{"line":1,"column":49}}},"fnMap":{},"branchMap":{},"s":{"0":0},"f":{},"b":{}}
,"/home/r4chelpham/kbc-media-app/.expo/metro/externals/http2/index.js": {"path":"/home/r4chelpham/kbc-media-app/.expo/metro/externals/http2/index.js","statementMap":{"0":{"start":{"line":1,"column":0},"end":{"line":1,"column":50}}},"fnMap":{},"branchMap":{},"s":{"0":0},"f":{},"b":{}}
,"/home/r4chelpham/kbc-media-app/.expo/metro/externals/https/index.js": {"path":"/home/r4chelpham/kbc-media-app/.expo/metro/externals/https/index.js","statementMap":{"0":{"start":{"line":1,"column":0},"end":{"line":1,"column":50}}},"fnMap":{},"branchMap":{},"s":{"0":0},"f":{},"b":{}}
,"/home/r4chelpham/kbc-media-app/.expo/metro/externals/inspector/index.js": {"path":"/home/r4chelpham/kbc-media-app/.expo/metro/externals/inspector/index.js","statementMap":{"0":{"start":{"line":1,"column":0},"end":{"line":1,"column":54}}},"fnMap":{},"branchMap":{},"s":{"0":0},"f":{},"b":{}}
,"/home/r4chelpham/kbc-media-app/.expo/metro/externals/module/index.js": {"path":"/home/r4chelpham/kbc-media-app/.expo/metro/externals/module/index.js","statementMap":{"0":{"start":{"line":1,"column":0},"end":{"line":1,"column":51}}},"fnMap":{},"branchMap":{},"s":{"0":0},"f":{},"b":{}}
,"/home/r4chelpham/kbc-media-app/.expo/metro/externals/net/index.js": {"path":"/home/r4chelpham/kbc-media-app/.expo/metro/externals/net/index.js","statementMap":{"0":{"start":{"line":1,"column":0},"end":{"line":1,"column":48}}},"fnMap":{},"branchMap":{},"s":{"0":0},"f":{},"b":{}}
,"/home/r4chelpham/kbc-media-app/.expo/metro/externals/os/index.js": {"path":"/home/r4chelpham/kbc-media-app/.expo/metro/externals/os/index.js","statementMap":{"0":{"start":{"line":1,"column":0},"end":{"line":1,"column":47}}},"fnMap":{},"branchMap":{},"s":{"0":0},"f":{},"b":{}}
,"/home/r4chelpham/kbc-media-app/.expo/metro/externals/path/index.js": {"path":"/home/r4chelpham/kbc-media-app/.expo/metro/externals/path/index.js","statementMap":{"0":{"start":{"line":1,"column":0},"end":{"line":1,"column":49}}},"fnMap":{},"branchMap":{},"s":{"0":0},"f":{},"b":{}}
,"/home/r4chelpham/kbc-media-app/.expo/metro/externals/perf_hooks/index.js": {"path":"/home/r4chelpham/kbc-media-app/.expo/metro/externals/perf_hooks/index.js","statementMap":{"0":{"start":{"line":1,"column":0},"end":{"line":1,"column":55}}},"fnMap":{},"branchMap":{},"s":{"0":0},"f":{},"b":{}}
,"/home/r4chelpham/kbc-media-app/.expo/metro/externals/process/index.js": {"path":"/home/r4chelpham/kbc-media-app/.expo/metro/externals/process/index.js","statementMap":{"0":{"start":{"line":1,"column":0},"end":{"line":1,"column":52}}},"fnMap":{},"branchMap":{},"s":{"0":0},"f":{},"b":{}}
,"/home/r4chelpham/kbc-media-app/.expo/metro/externals/punycode/index.js": {"path":"/home/r4chelpham/kbc-media-app/.expo/metro/externals/punycode/index.js","statementMap":{"0":{"start":{"line":1,"column":0},"end":{"line":1,"column":53}}},"fnMap":{},"branchMap":{},"s":{"0":0},"f":{},"b":{}}
,"/home/r4chelpham/kbc-media-app/.expo/metro/externals/querystring/index.js": {"path":"/home/r4chelpham/kbc-media-app/.expo/metro/externals/querystring/index.js","statementMap":{"0":{"start":{"line":1,"column":0},"end":{"line":1,"column":56}}},"fnMap":{},"branchMap":{},"s":{"0":0},"f":{},"b":{}}
,"/home/r4chelpham/kbc-media-app/.expo/metro/externals/readline/index.js": {"path":"/home/r4chelpham/kbc-media-app/.expo/metro/externals/readline/index.js","statementMap":{"0":{"start":{"line":1,"column":0},"end":{"line":1,"column":53}}},"fnMap":{},"branchMap":{},"s":{"0":0},"f":{},"b":{}}
,"/home/r4chelpham/kbc-media-app/.expo/metro/externals/repl/index.js": {"path":"/home/r4chelpham/kbc-media-app/.expo/metro/externals/repl/index.js","statementMap":{"0":{"start":{"line":1,"column":0},"end":{"line":1,"column":49}}},"fnMap":{},"branchMap":{},"s":{"0":0},"f":{},"b":{}}
,"/home/r4chelpham/kbc-media-app/.expo/metro/externals/stream/index.js": {"path":"/home/r4chelpham/kbc-media-app/.expo/metro/externals/stream/index.js","statementMap":{"0":{"start":{"line":1,"column":0},"end":{"line":1,"column":51}}},"fnMap":{},"branchMap":{},"s":{"0":0},"f":{},"b":{}}
,"/home/r4chelpham/kbc-media-app/.expo/metro/externals/string_decoder/index.js": {"path":"/home/r4chelpham/kbc-media-app/.expo/metro/externals/string_decoder/index.js","statementMap":{"0":{"start":{"line":1,"column":0},"end":{"line":1,"column":59}}},"fnMap":{},"branchMap":{},"s":{"0":0},"f":{},"b":{}}
,"/home/r4chelpham/kbc-media-app/.expo/metro/externals/timers/index.js": {"path":"/home/r4chelpham/kbc-media-app/.expo/metro/externals/timers/index.js","statementMap":{"0":{"start":{"line":1,"column":0},"end":{"line":1,"column":51}}},"fnMap":{},"branchMap":{},"s":{"0":0},"f":{},"b":{}}
,"/home/r4chelpham/kbc-media-app/.expo/metro/externals/tls/index.js": {"path":"/home/r4chelpham/kbc-media-app/.expo/metro/externals/tls/index.js","statementMap":{"0":{"start":{"line":1,"column":0},"end":{"line":1,"column":48}}},"fnMap":{},"branchMap":{},"s":{"0":0},"f":{},"b":{}}
,"/home/r4chelpham/kbc-media-app/.expo/metro/externals/trace_events/index.js": {"path":"/home/r4chelpham/kbc-media-app/.expo/metro/externals/trace_events/index.js","statementMap":{"0":{"start":{"line":1,"column":0},"end":{"line":1,"column":57}}},"fnMap":{},"branchMap":{},"s":{"0":0},"f":{},"b":{}}
,"/home/r4chelpham/kbc-media-app/.expo/metro/externals/tty/index.js": {"path":"/home/r4chelpham/kbc-media-app/.expo/metro/externals/tty/index.js","statementMap":{"0":{"start":{"line":1,"column":0},"end":{"line":1,"column":48}}},"fnMap":{},"branchMap":{},"s":{"0":0},"f":{},"b":{}}
,"/home/r4chelpham/kbc-media-app/.expo/metro/externals/url/index.js": {"path":"/home/r4chelpham/kbc-media-app/.expo/metro/externals/url/index.js","statementMap":{"0":{"start":{"line":1,"column":0},"end":{"line":1,"column":48}}},"fnMap":{},"branchMap":{},"s":{"0":0},"f":{},"b":{}}
,"/home/r4chelpham/kbc-media-app/.expo/metro/externals/util/index.js": {"path":"/home/r4chelpham/kbc-media-app/.expo/metro/externals/util/index.js","statementMap":{"0":{"start":{"line":1,"column":0},"end":{"line":1,"column":49}}},"fnMap":{},"branchMap":{},"s":{"0":0},"f":{},"b":{}}
,"/home/r4chelpham/kbc-media-app/.expo/metro/externals/v8/index.js": {"path":"/home/r4chelpham/kbc-media-app/.expo/metro/externals/v8/index.js","statementMap":{"0":{"start":{"line":1,"column":0},"end":{"line":1,"column":47}}},"fnMap":{},"branchMap":{},"s":{"0":0},"f":{},"b":{}}
,"/home/r4chelpham/kbc-media-app/.expo/metro/externals/vm/index.js": {"path":"/home/r4chelpham/kbc-media-app/.expo/metro/externals/vm/index.js","statementMap":{"0":{"start":{"line":1,"column":0},"end":{"line":1,"column":47}}},"fnMap":{},"branchMap":{},"s":{"0":0},"f":{},"b":{}}
,"/home/r4chelpham/kbc-media-app/.expo/metro/externals/wasi/index.js": {"path":"/home/r4chelpham/kbc-media-app/.expo/metro/externals/wasi/index.js","statementMap":{"0":{"start":{"line":1,"column":0},"end":{"line":1,"column":49}}},"fnMap":{},"branchMap":{},"s":{"0":0},"f":{},"b":{}}
,"/home/r4chelpham/kbc-media-app/.expo/metro/externals/worker_threads/index.js": {"path":"/home/r4chelpham/kbc-media-app/.expo/metro/externals/worker_threads/index.js","statementMap":{"0":{"start":{"line":1,"column":0},"end":{"line":1,"column":59}}},"fnMap":{},"branchMap":{},"s":{"0":0},"f":{},"b":{}}
,"/home/r4chelpham/kbc-media-app/.expo/metro/externals/zlib/index.js": {"path":"/home/r4chelpham/kbc-media-app/.expo/metro/externals/zlib/index.js","statementMap":{"0":{"start":{"line":1,"column":0},"end":{"line":1,"column":49}}},"fnMap":{},"branchMap":{},"s":{"0":0},"f":{},"b":{}}
,"/home/r4chelpham/kbc-media-app/.expo/metro/shims/react-native-web/dist/cjs/exports/AppRegistry/AppContainer.js": {"path":"/home/r4chelpham/kbc-media-app/.expo/metro/shims/react-native-web/dist/cjs/exports/AppRegistry/AppContainer.js","statementMap":{"0":{"start":{"line":5,"column":2},"end":{"line":5,"column":18}},"1":{"start":{"line":8,"column":0},"end":{"line":10,"column":1}},"2":{"start":{"line":9,"column":2},"end":{"line":9,"column":44}},"3":{"start":{"line":12,"column":0},"end":{"line":12,"column":30}},"4":{"start":{"line":13,"column":0},"end":{"line":13,"column":38}}},"fnMap":{"0":{"name":"AppContainer","decl":{"start":{"line":4,"column":9},"end":{"line":4,"column":21}},"loc":{"start":{"line":4,"column":36},"end":{"line":6,"column":1}},"line":4}},"branchMap":{"0":{"loc":{"start":{"line":8,"column":0},"end":{"line":10,"column":1}},"type":"if","locations":[{"start":{"line":8,"column":0},"end":{"line":10,"column":1}},{"start":{},"end":{}}],"line":8}},"s":{"0":0,"1":0,"2":0,"3":0,"4":0},"f":{"0":0},"b":{"0":[0,0]}}
,"/home/r4chelpham/kbc-media-app/.expo/metro/shims/react-native-web/dist/cjs/exports/BackHandler/index.js": {"path":"/home/r4chelpham/kbc-media-app/.expo/metro/shims/react-native-web/dist/cjs/exports/BackHandler/index.js","statementMap":{"0":{"start":{"line":3,"column":0},"end":{"line":3,"column":54}},"1":{"start":{"line":4,"column":18},"end":{"line":8,"column":3}},"2":{"start":{"line":6,"column":29},"end":{"line":6,"column":54}},"3":{"start":{"line":9,"column":13},"end":{"line":9,"column":24}},"4":{"start":{"line":10,"column":0},"end":{"line":10,"column":65}}},"fnMap":{"0":{"name":"emptyFunction","decl":{"start":{"line":2,"column":9},"end":{"line":2,"column":22}},"loc":{"start":{"line":2,"column":25},"end":{"line":2,"column":27}},"line":2},"1":{"name":"(anonymous_1)","decl":{"start":{"line":6,"column":22},"end":{"line":6,"column":23}},"loc":{"start":{"line":6,"column":29},"end":{"line":6,"column":54}},"line":6}},"branchMap":{},"s":{"0":0,"1":0,"2":0,"3":0,"4":0},"f":{"0":0,"1":0},"b":{}}
,"/home/r4chelpham/kbc-media-app/.expo/metro/shims/react-native-web/dist/exports/AppRegistry/AppContainer.js": {"path":"/home/r4chelpham/kbc-media-app/.expo/metro/shims/react-native-web/dist/exports/AppRegistry/AppContainer.js","statementMap":{"0":{"start":{"line":5,"column":2},"end":{"line":5,"column":18}},"1":{"start":{"line":8,"column":0},"end":{"line":10,"column":1}},"2":{"start":{"line":9,"column":2},"end":{"line":9,"column":44}}},"fnMap":{"0":{"name":"AppContainer","decl":{"start":{"line":4,"column":9},"end":{"line":4,"column":21}},"loc":{"start":{"line":4,"column":36},"end":{"line":6,"column":1}},"line":4}},"branchMap":{"0":{"loc":{"start":{"line":8,"column":0},"end":{"line":10,"column":1}},"type":"if","locations":[{"start":{"line":8,"column":0},"end":{"line":10,"column":1}},{"start":{},"end":{}}],"line":8}},"s":{"0":0,"1":0,"2":0},"f":{"0":0},"b":{"0":[0,0]}}
,"/home/r4chelpham/kbc-media-app/.expo/metro/shims/react-native-web/dist/exports/BackHandler/index.js": {"path":"/home/r4chelpham/kbc-media-app/.expo/metro/shims/react-native-web/dist/exports/BackHandler/index.js","statementMap":{"0":{"start":{"line":2,"column":18},"end":{"line":6,"column":1}},"1":{"start":{"line":4,"column":27},"end":{"line":4,"column":52}}},"fnMap":{"0":{"name":"emptyFunction","decl":{"start":{"line":1,"column":9},"end":{"line":1,"column":22}},"loc":{"start":{"line":1,"column":25},"end":{"line":1,"column":27}},"line":1},"1":{"name":"(anonymous_1)","decl":{"start":{"line":4,"column":20},"end":{"line":4,"column":21}},"loc":{"start":{"line":4,"column":27},"end":{"line":4,"column":52}},"line":4}},"branchMap":{},"s":{"0":0,"1":0},"f":{"0":0,"1":0},"b":{}}
,"/home/r4chelpham/kbc-media-app/components/AddButton.js": {"path":"/home/r4chelpham/kbc-media-app/components/AddButton.js","statementMap":{"0":{"start":{"line":16,"column":19},"end":{"line":33,"column":1}},"1":{"start":{"line":17,"column":4},"end":{"line":32,"column":6}},"2":{"start":{"line":35,"column":0},"end":{"line":38,"column":2}}},"fnMap":{"0":{"name":"(anonymous_0)","decl":{"start":{"line":16,"column":19},"end":{"line":16,"column":20}},"loc":{"start":{"line":16,"column":52},"end":{"line":33,"column":1}},"line":16}},"branchMap":{"0":{"loc":{"start":{"line":16,"column":22},"end":{"line":16,"column":32}},"type":"default-arg","locations":[{"start":{"line":16,"column":30},"end":{"line":16,"column":32}}],"line":16},"1":{"loc":{"start":{"line":16,"column":34},"end":{"line":16,"column":45}},"type":"default-arg","locations":[{"start":{"line":16,"column":43},"end":{"line":16,"column":45}}],"line":16}},"s":{"0":0,"1":0,"2":0},"f":{"0":0},"b":{"0":[0],"1":[0]}}
,"/home/r4chelpham/kbc-media-app/components/Navbar.js": {"path":"/home/r4chelpham/kbc-media-app/components/Navbar.js","statementMap":{"0":{"start":{"line":17,"column":12},"end":{"line":17,"column":38}},"1":{"start":{"line":19,"column":16},"end":{"line":23,"column":1}},"2":{"start":{"line":25,"column":22},"end":{"line":30,"column":1}},"3":{"start":{"line":33,"column":4},"end":{"line":57,"column":6}},"4":{"start":{"line":40,"column":16},"end":{"line":53,"column":18}},"5":{"start":{"line":46,"column":28},"end":{"line":50,"column":30}}},"fnMap":{"0":{"name":"MainTabNavigator","decl":{"start":{"line":32,"column":24},"end":{"line":32,"column":40}},"loc":{"start":{"line":32,"column":43},"end":{"line":58,"column":1}},"line":32},"1":{"name":"(anonymous_1)","decl":{"start":{"line":39,"column":25},"end":{"line":39,"column":26}},"loc":{"start":{"line":40,"column":16},"end":{"line":53,"column":18}},"line":40},"2":{"name":"(anonymous_2)","decl":{"start":{"line":45,"column":36},"end":{"line":45,"column":37}},"loc":{"start":{"line":46,"column":28},"end":{"line":50,"column":30}},"line":46}},"branchMap":{},"s":{"0":0,"1":0,"2":0,"3":0,"4":0,"5":0},"f":{"0":0,"1":0,"2":0},"b":{}}
,"/home/r4chelpham/kbc-media-app/components/SettingsButton.js": {"path":"/home/r4chelpham/kbc-media-app/components/SettingsButton.js","statementMap":{"0":{"start":{"line":9,"column":23},"end":{"line":9,"column":38}},"1":{"start":{"line":11,"column":4},"end":{"line":17,"column":6}},"2":{"start":{"line":14,"column":27},"end":{"line":14,"column":56}},"3":{"start":{"line":20,"column":15},"end":{"line":32,"column":2}}},"fnMap":{"0":{"name":"DraftsButton","decl":{"start":{"line":8,"column":24},"end":{"line":8,"column":36}},"loc":{"start":{"line":8,"column":39},"end":{"line":18,"column":1}},"line":8},"1":{"name":"(anonymous_1)","decl":{"start":{"line":14,"column":21},"end":{"line":14,"column":22}},"loc":{"start":{"line":14,"column":27},"end":{"line":14,"column":56}},"line":14}},"branchMap":{},"s":{"0":0,"1":0,"2":0,"3":0},"f":{"0":0,"1":0},"b":{}}
,"/home/r4chelpham/kbc-media-app/components/TabBarIcon.js": {"path":"/home/r4chelpham/kbc-media-app/components/TabBarIcon.js","statementMap":{"0":{"start":{"line":12,"column":4},"end":{"line":12,"column":72}},"1":{"start":{"line":20,"column":0},"end":{"line":29,"column":2}}},"fnMap":{"0":{"name":"TabBarIcon","decl":{"start":{"line":10,"column":24},"end":{"line":10,"column":34}},"loc":{"start":{"line":10,"column":90},"end":{"line":14,"column":1}},"line":10}},"branchMap":{},"s":{"0":0,"1":0},"f":{"0":0},"b":{}}
,"/home/r4chelpham/kbc-media-app/components/Dashboard/Dashboard.js": {"path":"/home/r4chelpham/kbc-media-app/components/Dashboard/Dashboard.js","statementMap":{"0":{"start":{"line":15,"column":18},"end":{"line":24,"column":1}},"1":{"start":{"line":17,"column":2},"end":{"line":23,"column":4}},"2":{"start":{"line":26,"column":15},"end":{"line":35,"column":2}}},"fnMap":{"0":{"name":"(anonymous_0)","decl":{"start":{"line":15,"column":18},"end":{"line":15,"column":19}},"loc":{"start":{"line":15,"column":24},"end":{"line":24,"column":1}},"line":15}},"branchMap":{},"s":{"0":1,"1":1,"2":1},"f":{"0":1},"b":{},"_coverageSchema":"1a1c01bbd47fc00a2c39e90264f33305004495a9","hash":"068e26bdd8ee5cbf814de4d9bdb3775d40a92acc"}
,"/home/r4chelpham/kbc-media-app/components/Login/Login.js": {"path":"/home/r4chelpham/kbc-media-app/components/Login/Login.js","statementMap":{"0":{"start":{"line":10,"column":15},"end":{"line":23,"column":2}},"1":{"start":{"line":26,"column":33},"end":{"line":26,"column":45}},"2":{"start":{"line":27,"column":33},"end":{"line":27,"column":45}},"3":{"start":{"line":28,"column":31},"end":{"line":28,"column":40}},"4":{"start":{"line":32,"column":1},"end":{"line":50,"column":3}}},"fnMap":{"0":{"name":"Login","decl":{"start":{"line":25,"column":9},"end":{"line":25,"column":14}},"loc":{"start":{"line":25,"column":31},"end":{"line":51,"column":1}},"line":25}},"branchMap":{},"s":{"0":0,"1":0,"2":0,"3":0,"4":0},"f":{"0":0},"b":{}}
,"/home/r4chelpham/kbc-media-app/components/Register/Register.js": {"path":"/home/r4chelpham/kbc-media-app/components/Register/Register.js","statementMap":{"0":{"start":{"line":9,"column":15},"end":{"line":22,"column":2}},"1":{"start":{"line":25,"column":33},"end":{"line":25,"column":45}},"2":{"start":{"line":26,"column":27},"end":{"line":26,"column":39}},"3":{"start":{"line":27,"column":33},"end":{"line":27,"column":45}},"4":{"start":{"line":28,"column":47},"end":{"line":28,"column":59}},"5":{"start":{"line":32,"column":1},"end":{"line":63,"column":3}}},"fnMap":{"0":{"name":"Register","decl":{"start":{"line":24,"column":9},"end":{"line":24,"column":17}},"loc":{"start":{"line":24,"column":34},"end":{"line":64,"column":1}},"line":24}},"branchMap":{},"s":{"0":0,"1":0,"2":0,"3":0,"4":0,"5":0},"f":{"0":0},"b":{}}
,"/home/r4chelpham/kbc-media-app/components/Settings/Settings.js": {"path":"/home/r4chelpham/kbc-media-app/components/Settings/Settings.js","statementMap":{"0":{"start":{"line":10,"column":17},"end":{"line":32,"column":1}},"1":{"start":{"line":19,"column":4},"end":{"line":31,"column":6}},"2":{"start":{"line":34,"column":15},"end":{"line":50,"column":2}}},"fnMap":{"0":{"name":"(anonymous_0)","decl":{"start":{"line":10,"column":17},"end":{"line":10,"column":18}},"loc":{"start":{"line":10,"column":23},"end":{"line":32,"column":1}},"line":10}},"branchMap":{},"s":{"0":1,"1":2,"2":1},"f":{"0":2},"b":{},"_coverageSchema":"1a1c01bbd47fc00a2c39e90264f33305004495a9","hash":"09b9bfd0a2c3fbdcc9998de8a353bcbe553a2063"}
,"/home/r4chelpham/kbc-media-app/components/Settings/SettingsOptions.js": {"path":"/home/r4chelpham/kbc-media-app/components/Settings/SettingsOptions.js","statementMap":{"0":{"start":{"line":11,"column":24},"end":{"line":36,"column":1}},"1":{"start":{"line":11,"column":40},"end":{"line":36,"column":1}},"2":{"start":{"line":14,"column":25},"end":{"line":14,"column":64}},"3":{"start":{"line":18,"column":25},"end":{"line":18,"column":70}},"4":{"start":{"line":22,"column":25},"end":{"line":22,"column":64}},"5":{"start":{"line":26,"column":25},"end":{"line":26,"column":72}},"6":{"start":{"line":30,"column":25},"end":{"line":30,"column":71}},"7":{"start":{"line":34,"column":25},"end":{"line":34,"column":62}}},"fnMap":{"0":{"name":"(anonymous_0)","decl":{"start":{"line":11,"column":24},"end":{"line":11,"column":25}},"loc":{"start":{"line":11,"column":40},"end":{"line":36,"column":1}},"line":11},"1":{"name":"(anonymous_1)","decl":{"start":{"line":14,"column":17},"end":{"line":14,"column":18}},"loc":{"start":{"line":14,"column":23},"end":{"line":14,"column":66}},"line":14},"2":{"name":"(anonymous_2)","decl":{"start":{"line":18,"column":17},"end":{"line":18,"column":18}},"loc":{"start":{"line":18,"column":23},"end":{"line":18,"column":72}},"line":18},"3":{"name":"(anonymous_3)","decl":{"start":{"line":22,"column":17},"end":{"line":22,"column":18}},"loc":{"start":{"line":22,"column":23},"end":{"line":22,"column":66}},"line":22},"4":{"name":"(anonymous_4)","decl":{"start":{"line":26,"column":17},"end":{"line":26,"column":18}},"loc":{"start":{"line":26,"column":23},"end":{"line":26,"column":74}},"line":26},"5":{"name":"(anonymous_5)","decl":{"start":{"line":30,"column":17},"end":{"line":30,"column":18}},"loc":{"start":{"line":30,"column":23},"end":{"line":30,"column":73}},"line":30},"6":{"name":"(anonymous_6)","decl":{"start":{"line":34,"column":17},"end":{"line":34,"column":18}},"loc":{"start":{"line":34,"column":23},"end":{"line":34,"column":64}},"line":34}},"branchMap":{},"s":{"0":2,"1":3,"2":1,"3":1,"4":1,"5":1,"6":1,"7":1},"f":{"0":3,"1":1,"2":1,"3":1,"4":1,"5":1,"6":1},"b":{},"_coverageSchema":"1a1c01bbd47fc00a2c39e90264f33305004495a9","hash":"5b0ebe72f19be470dab013b5678e06d7266b43ce"}
,"/home/r4chelpham/kbc-media-app/screens/IPIndex.js": {"path":"/home/r4chelpham/kbc-media-app/screens/IPIndex.js","statementMap":{"0":{"start":{"line":1,"column":23},"end":{"line":1,"column":36}}},"fnMap":{},"branchMap":{},"s":{"0":1},"f":{},"b":{},"_coverageSchema":"1a1c01bbd47fc00a2c39e90264f33305004495a9","hash":"5aa66f76f328b858c9951ea74ef5dc0816c33098"}
,"/home/r4chelpham/kbc-media-app/screens/index.js": {"path":"/home/r4chelpham/kbc-media-app/screens/index.js","statementMap":{},"fnMap":{},"branchMap":{},"s":{},"f":{},"b":{}}
,"/home/r4chelpham/kbc-media-app/screens/DraftsScreen/DraftsScreen.js": {"path":"/home/r4chelpham/kbc-media-app/screens/DraftsScreen/DraftsScreen.js","statementMap":{"0":{"start":{"line":6,"column":15},"end":{"line":22,"column":2}},"1":{"start":{"line":25,"column":15},"end":{"line":32,"column":1}},"2":{"start":{"line":27,"column":4},"end":{"line":31,"column":6}}},"fnMap":{"0":{"name":"(anonymous_0)","decl":{"start":{"line":25,"column":15},"end":{"line":25,"column":16}},"loc":{"start":{"line":25,"column":21},"end":{"line":32,"column":1}},"line":25}},"branchMap":{},"s":{"0":1,"1":1,"2":1},"f":{"0":1},"b":{},"_coverageSchema":"1a1c01bbd47fc00a2c39e90264f33305004495a9","hash":"8a81b06c518c6f632ea8b41e792fa59df434cce4"}
,"/home/r4chelpham/kbc-media-app/screens/LoginScreen/LoginScreen.js": {"path":"/home/r4chelpham/kbc-media-app/screens/LoginScreen/LoginScreen.js","statementMap":{"0":{"start":{"line":9,"column":33},"end":{"line":9,"column":45}},"1":{"start":{"line":10,"column":33},"end":{"line":10,"column":45}},"2":{"start":{"line":14,"column":1},"end":{"line":21,"column":3}}},"fnMap":{"0":{"name":"LoginScreen","decl":{"start":{"line":8,"column":9},"end":{"line":8,"column":20}},"loc":{"start":{"line":8,"column":37},"end":{"line":22,"column":1}},"line":8}},"branchMap":{},"s":{"0":0,"1":0,"2":0},"f":{"0":0},"b":{}}
,"/home/r4chelpham/kbc-media-app/screens/MainScreen/MainScreen.js": {"path":"/home/r4chelpham/kbc-media-app/screens/MainScreen/MainScreen.js","statementMap":{"0":{"start":{"line":4,"column":19},"end":{"line":19,"column":1}},"1":{"start":{"line":5,"column":4},"end":{"line":18,"column":6}},"2":{"start":{"line":10,"column":59},"end":{"line":10,"column":87}},"3":{"start":{"line":13,"column":59},"end":{"line":13,"column":90}},"4":{"start":{"line":21,"column":15},"end":{"line":66,"column":2}}},"fnMap":{"0":{"name":"(anonymous_0)","decl":{"start":{"line":4,"column":19},"end":{"line":4,"column":20}},"loc":{"start":{"line":4,"column":39},"end":{"line":19,"column":1}},"line":4},"1":{"name":"(anonymous_1)","decl":{"start":{"line":10,"column":53},"end":{"line":10,"column":54}},"loc":{"start":{"line":10,"column":59},"end":{"line":10,"column":87}},"line":10},"2":{"name":"(anonymous_2)","decl":{"start":{"line":13,"column":53},"end":{"line":13,"column":54}},"loc":{"start":{"line":13,"column":59},"end":{"line":13,"column":90}},"line":13}},"branchMap":{},"s":{"0":1,"1":6,"2":1,"3":1,"4":1},"f":{"0":6,"1":1,"2":1},"b":{},"_coverageSchema":"1a1c01bbd47fc00a2c39e90264f33305004495a9","hash":"b5e6153f10d8363f50a5ccfe7b7cf3c4da7f8dea"}
,"/home/r4chelpham/kbc-media-app/screens/RegisterScreen/RegisterScreen.js": {"path":"/home/r4chelpham/kbc-media-app/screens/RegisterScreen/RegisterScreen.js","statementMap":{"0":{"start":{"line":8,"column":33},"end":{"line":8,"column":45}},"1":{"start":{"line":9,"column":33},"end":{"line":9,"column":45}},"2":{"start":{"line":13,"column":1},"end":{"line":20,"column":3}}},"fnMap":{"0":{"name":"RegisterScreen","decl":{"start":{"line":7,"column":9},"end":{"line":7,"column":23}},"loc":{"start":{"line":7,"column":40},"end":{"line":21,"column":1}},"line":7}},"branchMap":{},"s":{"0":4,"1":4,"2":4},"f":{"0":4},"b":{},"_coverageSchema":"1a1c01bbd47fc00a2c39e90264f33305004495a9","hash":"72323e03ed5f565bb50ba650570c15ad88bbd87d"}
,"/home/r4chelpham/kbc-media-app/styles/NavbarStyles.js": {"path":"/home/r4chelpham/kbc-media-app/styles/NavbarStyles.js","statementMap":{},"fnMap":{},"branchMap":{},"s":{},"f":{},"b":{}}
,"/home/r4chelpham/kbc-media-app/styles/global.js": {"path":"/home/r4chelpham/kbc-media-app/styles/global.js","statementMap":{},"fnMap":{},"branchMap":{},"s":{},"f":{},"b":{},"_coverageSchema":"1a1c01bbd47fc00a2c39e90264f33305004495a9","hash":"17b30553c8b3aad3c3635252d522503fffa19898"}
}
